<?xml version="1.0" encoding="UTF-8" standalone="yes"?><!DOCTYPE report PUBLIC "-//JACOCO//DTD Report 1.0//EN" "report.dtd"><report name="Eclipse Equinox Embedder Maven Plugin"><group name="e3-launcher"><package name="com/github/pms1/e3/launcher"><class name="com/github/pms1/e3/launcher/E3Main$BundleConfiguration"><method name="&lt;init&gt;" desc="()V" line="41"><counter type="INSTRUCTION" missed="3" covered="0"/><counter type="LINE" missed="1" covered="0"/><counter type="COMPLEXITY" missed="1" covered="0"/><counter type="METHOD" missed="1" covered="0"/></method><counter type="INSTRUCTION" missed="3" covered="0"/><counter type="LINE" missed="1" covered="0"/><counter type="COMPLEXITY" missed="1" covered="0"/><counter type="METHOD" missed="1" covered="0"/><counter type="CLASS" missed="1" covered="0"/></class><class name="com/github/pms1/e3/launcher/E3Main$3"><method name="&lt;init&gt;" desc="()V" line="182"><counter type="INSTRUCTION" missed="3" covered="0"/><counter type="LINE" missed="1" covered="0"/><counter type="COMPLEXITY" missed="1" covered="0"/><counter type="METHOD" missed="1" covered="0"/></method><method name="log" desc="(Lorg/osgi/framework/FrameworkEvent;)V" line="186"><counter type="INSTRUCTION" missed="11" covered="0"/><counter type="LINE" missed="2" covered="0"/><counter type="COMPLEXITY" missed="1" covered="0"/><counter type="METHOD" missed="1" covered="0"/></method><method name="log" desc="(Lorg/eclipse/osgi/framework/log/FrameworkLogEntry;)V" line="191"><counter type="INSTRUCTION" missed="11" covered="0"/><counter type="LINE" missed="2" covered="0"/><counter type="COMPLEXITY" missed="1" covered="0"/><counter type="METHOD" missed="1" covered="0"/></method><method name="setWriter" desc="(Ljava/io/Writer;Z)V" line="197"><counter type="INSTRUCTION" missed="5" covered="0"/><counter type="LINE" missed="2" covered="0"/><counter type="COMPLEXITY" missed="1" covered="0"/><counter type="METHOD" missed="1" covered="0"/></method><method name="setFile" desc="(Ljava/io/File;Z)V" line="205"><counter type="INSTRUCTION" missed="5" covered="0"/><counter type="LINE" missed="2" covered="0"/><counter type="COMPLEXITY" missed="1" covered="0"/><counter type="METHOD" missed="1" covered="0"/></method><method name="getFile" desc="()Ljava/io/File;" line="211"><counter type="INSTRUCTION" missed="6" covered="0"/><counter type="LINE" missed="2" covered="0"/><counter type="COMPLEXITY" missed="1" covered="0"/><counter type="METHOD" missed="1" covered="0"/></method><method name="setConsoleLog" desc="(Z)V" line="218"><counter type="INSTRUCTION" missed="5" covered="0"/><counter type="LINE" missed="2" covered="0"/><counter type="COMPLEXITY" missed="1" covered="0"/><counter type="METHOD" missed="1" covered="0"/></method><method name="close" desc="()V" line="225"><counter type="INSTRUCTION" missed="5" covered="0"/><counter type="LINE" missed="2" covered="0"/><counter type="COMPLEXITY" missed="1" covered="0"/><counter type="METHOD" missed="1" covered="0"/></method><counter type="INSTRUCTION" missed="51" covered="0"/><counter type="LINE" missed="15" covered="0"/><counter type="COMPLEXITY" missed="8" covered="0"/><counter type="METHOD" missed="8" covered="0"/><counter type="CLASS" missed="1" covered="0"/></class><class name="com/github/pms1/e3/launcher/E3Main"><method name="&lt;init&gt;" desc="()V" line="39"><counter type="INSTRUCTION" missed="3" covered="0"/><counter type="LINE" missed="1" covered="0"/><counter type="COMPLEXITY" missed="1" covered="0"/><counter type="METHOD" missed="1" covered="0"/></method><method name="main" desc="([Ljava/lang/String;)V" line="51"><counter type="INSTRUCTION" missed="522" covered="0"/><counter type="BRANCH" missed="38" covered="0"/><counter type="LINE" missed="85" covered="0"/><counter type="COMPLEXITY" missed="20" covered="0"/><counter type="METHOD" missed="1" covered="0"/></method><method name="&lt;clinit&gt;" desc="()V" line="48"><counter type="INSTRUCTION" missed="5" covered="0"/><counter type="LINE" missed="1" covered="0"/><counter type="COMPLEXITY" missed="1" covered="0"/><counter type="METHOD" missed="1" covered="0"/></method><counter type="INSTRUCTION" missed="530" covered="0"/><counter type="BRANCH" missed="38" covered="0"/><counter type="LINE" missed="87" covered="0"/><counter type="COMPLEXITY" missed="22" covered="0"/><counter type="METHOD" missed="3" covered="0"/><counter type="CLASS" missed="1" covered="0"/></class><class name="com/github/pms1/e3/launcher/E3Main$2"><method name="&lt;init&gt;" desc="()V" line="114"><counter type="INSTRUCTION" missed="3" covered="0"/><counter type="LINE" missed="1" covered="0"/><counter type="COMPLEXITY" missed="1" covered="0"/><counter type="METHOD" missed="1" covered="0"/></method><method name="openConnection" desc="(Ljava/net/URL;)Ljava/net/URLConnection;" line="118"><counter type="INSTRUCTION" missed="23" covered="0"/><counter type="BRANCH" missed="2" covered="0"/><counter type="LINE" missed="4" covered="0"/><counter type="COMPLEXITY" missed="2" covered="0"/><counter type="METHOD" missed="1" covered="0"/></method><counter type="INSTRUCTION" missed="26" covered="0"/><counter type="BRANCH" missed="2" covered="0"/><counter type="LINE" missed="5" covered="0"/><counter type="COMPLEXITY" missed="3" covered="0"/><counter type="METHOD" missed="2" covered="0"/><counter type="CLASS" missed="1" covered="0"/></class><class name="com/github/pms1/e3/launcher/E3Main$1"><method name="&lt;init&gt;" desc="(Ljava/nio/file/Path;)V" line="81"><counter type="INSTRUCTION" missed="6" covered="0"/><counter type="LINE" missed="1" covered="0"/><counter type="COMPLEXITY" missed="1" covered="0"/><counter type="METHOD" missed="1" covered="0"/></method><method name="run" desc="()V" line="85"><counter type="INSTRUCTION" missed="53" covered="0"/><counter type="LINE" missed="7" covered="0"/><counter type="COMPLEXITY" missed="1" covered="0"/><counter type="METHOD" missed="1" covered="0"/></method><counter type="INSTRUCTION" missed="59" covered="0"/><counter type="LINE" missed="8" covered="0"/><counter type="COMPLEXITY" missed="2" covered="0"/><counter type="METHOD" missed="2" covered="0"/><counter type="CLASS" missed="1" covered="0"/></class><sourcefile name="E3Main.java"><line nr="39" mi="3" ci="0" mb="0" cb="0"/><line nr="41" mi="3" ci="0" mb="0" cb="0"/><line nr="48" mi="5" ci="0" mb="0" cb="0"/><line nr="51" mi="4" ci="0" mb="0" cb="0"/><line nr="52" mi="11" ci="0" mb="0" cb="0"/><line nr="53" mi="2" ci="0" mb="2" cb="0"/><line nr="54" mi="5" ci="0" mb="0" cb="0"/><line nr="55" mi="3" ci="0" mb="0" cb="0"/><line nr="56" mi="32" ci="0" mb="8" cb="0"/><line nr="58" mi="11" ci="0" mb="2" cb="0"/><line nr="59" mi="4" ci="0" mb="0" cb="0"/><line nr="60" mi="4" ci="0" mb="2" cb="0"/><line nr="61" mi="8" ci="0" mb="0" cb="0"/><line nr="62" mi="1" ci="0" mb="0" cb="0"/><line nr="64" mi="6" ci="0" mb="0" cb="0"/><line nr="66" mi="4" ci="0" mb="0" cb="0"/><line nr="67" mi="11" ci="0" mb="2" cb="0"/><line nr="68" mi="4" ci="0" mb="0" cb="0"/><line nr="69" mi="4" ci="0" mb="2" cb="0"/><line nr="70" mi="9" ci="0" mb="0" cb="0"/><line nr="71" mi="1" ci="0" mb="0" cb="0"/><line nr="72" mi="5" ci="0" mb="0" cb="0"/><line nr="79" mi="5" ci="0" mb="0" cb="0"/><line nr="80" mi="10" ci="0" mb="0" cb="0"/><line nr="81" mi="12" ci="0" mb="0" cb="0"/><line nr="85" mi="11" ci="0" mb="0" cb="0"/><line nr="86" mi="11" ci="0" mb="0" cb="0"/><line nr="87" mi="11" ci="0" mb="0" cb="0"/><line nr="88" mi="1" ci="0" mb="0" cb="0"/><line nr="89" mi="17" ci="0" mb="0" cb="0"/><line nr="90" mi="1" ci="0" mb="0" cb="0"/><line nr="91" mi="1" ci="0" mb="0" cb="0"/><line nr="93" mi="6" ci="0" mb="0" cb="0"/><line nr="101" mi="10" ci="0" mb="0" cb="0"/><line nr="102" mi="4" ci="0" mb="0" cb="0"/><line nr="104" mi="3" ci="0" mb="0" cb="0"/><line nr="105" mi="2" ci="0" mb="0" cb="0"/><line nr="110" mi="5" ci="0" mb="0" cb="0"/><line nr="111" mi="10" ci="0" mb="0" cb="0"/><line nr="113" mi="10" ci="0" mb="0" cb="0"/><line nr="114" mi="3" ci="0" mb="0" cb="0"/><line nr="118" mi="6" ci="0" mb="0" cb="0"/><line nr="120" mi="2" ci="0" mb="2" cb="0"/><line nr="121" mi="12" ci="0" mb="0" cb="0"/><line nr="123" mi="3" ci="0" mb="0" cb="0"/><line nr="129" mi="4" ci="0" mb="0" cb="0"/><line nr="131" mi="21" ci="0" mb="2" cb="0"/><line nr="133" mi="4" ci="0" mb="0" cb="0"/><line nr="134" mi="4" ci="0" mb="0" cb="0"/><line nr="135" mi="3" ci="0" mb="2" cb="0"/><line nr="136" mi="4" ci="0" mb="0" cb="0"/><line nr="140" mi="6" ci="0" mb="0" cb="0"/><line nr="142" mi="6" ci="0" mb="0" cb="0"/><line nr="143" mi="4" ci="0" mb="2" cb="0"/><line nr="144" mi="3" ci="0" mb="0" cb="0"/><line nr="145" mi="8" ci="0" mb="0" cb="0"/><line nr="147" mi="5" ci="0" mb="0" cb="0"/><line nr="149" mi="4" ci="0" mb="0" cb="0"/><line nr="152" mi="3" ci="0" mb="0" cb="0"/><line nr="154" mi="3" ci="0" mb="0" cb="0"/><line nr="155" mi="10" ci="0" mb="2" cb="0"/><line nr="156" mi="11" ci="0" mb="0" cb="0"/><line nr="157" mi="13" ci="0" mb="0" cb="0"/><line nr="158" mi="1" ci="0" mb="0" cb="0"/><line nr="160" mi="3" ci="0" mb="0" cb="0"/><line nr="161" mi="12" ci="0" mb="2" cb="0"/><line nr="162" mi="10" ci="0" mb="0" cb="0"/><line nr="163" mi="10" ci="0" mb="2" cb="0"/><line nr="164" mi="4" ci="0" mb="2" cb="0"/><line nr="165" mi="1" ci="0" mb="0" cb="0"/><line nr="166" mi="3" ci="0" mb="2" cb="0"/><line nr="167" mi="1" ci="0" mb="0" cb="0"/><line nr="168" mi="12" ci="0" mb="0" cb="0"/><line nr="169" mi="3" ci="0" mb="0" cb="0"/><line nr="170" mi="1" ci="0" mb="0" cb="0"/><line nr="173" mi="4" ci="0" mb="2" cb="0"/><line nr="174" mi="17" ci="0" mb="2" cb="0"/><line nr="175" mi="16" ci="0" mb="0" cb="0"/><line nr="180" mi="2" ci="0" mb="0" cb="0"/><line nr="181" mi="2" ci="0" mb="0" cb="0"/><line nr="182" mi="7" ci="0" mb="0" cb="0"/><line nr="186" mi="10" ci="0" mb="0" cb="0"/><line nr="187" mi="1" ci="0" mb="0" cb="0"/><line nr="191" mi="10" ci="0" mb="0" cb="0"/><line nr="193" mi="1" ci="0" mb="0" cb="0"/><line nr="197" mi="4" ci="0" mb="0" cb="0"/><line nr="200" mi="1" ci="0" mb="0" cb="0"/><line nr="205" mi="4" ci="0" mb="0" cb="0"/><line nr="207" mi="1" ci="0" mb="0" cb="0"/><line nr="211" mi="4" ci="0" mb="0" cb="0"/><line nr="213" mi="2" ci="0" mb="0" cb="0"/><line nr="218" mi="4" ci="0" mb="0" cb="0"/><line nr="221" mi="1" ci="0" mb="0" cb="0"/><line nr="225" mi="4" ci="0" mb="0" cb="0"/><line nr="228" mi="1" ci="0" mb="0" cb="0"/><line nr="232" mi="9" ci="0" mb="0" cb="0"/><line nr="233" mi="2" ci="0" mb="0" cb="0"/><line nr="234" mi="5" ci="0" mb="0" cb="0"/><line nr="236" mi="11" ci="0" mb="0" cb="0"/><line nr="237" mi="4" ci="0" mb="0" cb="0"/><line nr="238" mi="3" ci="0" mb="0" cb="0"/><line nr="239" mi="2" ci="0" mb="0" cb="0"/><line nr="240" mi="1" ci="0" mb="0" cb="0"/><line nr="241" mi="12" ci="0" mb="0" cb="0"/><line nr="242" mi="2" ci="0" mb="0" cb="0"/><line nr="243" mi="2" ci="0" mb="0" cb="0"/><line nr="245" mi="10" ci="0" mb="0" cb="0"/><line nr="246" mi="6" ci="0" mb="0" cb="0"/><line nr="247" mi="9" ci="0" mb="0" cb="0"/><line nr="248" mi="14" ci="0" mb="0" cb="0"/><line nr="249" mi="2" ci="0" mb="0" cb="0"/><line nr="250" mi="3" ci="0" mb="0" cb="0"/><line nr="251" mi="2" ci="0" mb="0" cb="0"/><line nr="252" mi="1" ci="0" mb="0" cb="0"/><counter type="INSTRUCTION" missed="669" covered="0"/><counter type="BRANCH" missed="40" covered="0"/><counter type="LINE" missed="114" covered="0"/><counter type="COMPLEXITY" missed="36" covered="0"/><counter type="METHOD" missed="16" covered="0"/><counter type="CLASS" missed="5" covered="0"/></sourcefile><counter type="INSTRUCTION" missed="669" covered="0"/><counter type="BRANCH" missed="40" covered="0"/><counter type="LINE" missed="114" covered="0"/><counter type="COMPLEXITY" missed="36" covered="0"/><counter type="METHOD" missed="16" covered="0"/><counter type="CLASS" missed="5" covered="0"/></package><counter type="INSTRUCTION" missed="669" covered="0"/><counter type="BRANCH" missed="40" covered="0"/><counter type="LINE" missed="114" covered="0"/><counter type="COMPLEXITY" missed="36" covered="0"/><counter type="METHOD" missed="16" covered="0"/><counter type="CLASS" missed="5" covered="0"/></group><counter type="INSTRUCTION" missed="669" covered="0"/><counter type="BRANCH" missed="40" covered="0"/><counter type="LINE" missed="114" covered="0"/><counter type="COMPLEXITY" missed="36" covered="0"/><counter type="METHOD" missed="16" covered="0"/><counter type="CLASS" missed="5" covered="0"/></report>