GROUP,PACKAGE,CLASS,INSTRUCTION_MISSED,INSTRUCTION_COVERED,BRANCH_MISSED,BRANCH_COVERED,LINE_MISSED,LINE_COVERED,COMPLEXITY_MISSED,COMPLEXITY_COVERED,METHOD_MISSED,METHOD_COVERED
Eclipse Equinox Embedder Maven Plugin/e3-launcher,com.github.pms1.e3.launcher,E3Main.new FrameworkLog() {...},51,0,0,0,15,0,8,0,8,0
Eclipse Equinox Embedder Maven Plugin/e3-launcher,com.github.pms1.e3.launcher,E3Main,458,0,26,0,76,0,15,0,2,0
Eclipse Equinox Embedder Maven Plugin/e3-launcher,com.github.pms1.e3.launcher,E3Main.B,3,0,0,0,1,0,1,0,1,0
Eclipse Equinox Embedder Maven Plugin/e3-launcher,com.github.pms1.e3.launcher,E3Main.new AbstractURLStreamHandlerService() {...},26,0,2,0,5,0,3,0,2,0
Eclipse Equinox Embedder Maven Plugin/e3-launcher,com.github.pms1.e3.launcher,E3Main.new Thread() {...},34,0,0,0,6,0,2,0,2,0
